13/07/2023   11:35:22 PM --- first --- INFO --- Showing All Books..!
13/07/2023   11:45:52 PM --- first --- INFO --- Inside get request in book form
13/07/2023   11:53:29 PM --- first --- INFO --- Inside get request in book form
13/07/2023   11:53:31 PM --- first --- INFO --- Showing All Books..!
13/07/2023   11:55:26 PM --- first --- INFO --- Showing All Books..!
13/07/2023   11:55:38 PM --- first --- INFO --- Inside get request in book form
13/07/2023   11:55:41 PM --- first --- INFO --- Showing All Books..!
13/07/2023   11:55:45 PM --- first --- INFO --- Inside get request in book form
13/07/2023   11:55:49 PM --- first --- INFO --- Showing All Books..!
13/07/2023   11:55:52 PM --- first --- INFO --- In Welcome Page
14/07/2023   12:07:27 AM --- first --- INFO --- Logged in sucessfully.
14/07/2023   12:07:27 AM --- first --- INFO --- In Welcome Page
14/07/2023   12:08:34 AM --- first --- INFO --- Inside get request in book form
14/07/2023   12:09:23 AM --- first --- INFO --- Inside get request in book form
14/07/2023   12:09:52 AM --- first --- INFO --- Inside Post reuest in book form
14/07/2023   12:09:52 AM --- first --- INFO --- Showing All Books..!
14/07/2023   12:11:37 AM --- first --- INFO --- Showing All Books..!
14/07/2023   12:12:06 AM --- first --- INFO --- Inside get request in book form
14/07/2023   12:17:31 AM --- first --- INFO --- Inside get request in book form
14/07/2023   12:18:18 AM --- first --- INFO --- Inside get request in book form
14/07/2023   12:18:49 AM --- first --- INFO --- Inside Post reuest in book form
14/07/2023   12:18:49 AM --- first --- INFO --- Showing All Books..!
14/07/2023   12:19:14 AM --- first --- INFO --- Showing All Books..!
14/07/2023   12:19:50 AM --- first --- INFO --- Showing All Books..!
14/07/2023   12:20:27 AM --- first --- INFO --- Showing All Books..!
14/07/2023   12:20:28 AM --- first --- INFO --- Inside get request in book form
14/07/2023   12:21:02 AM --- first --- INFO --- Inside Post reuest in book form
14/07/2023   12:21:02 AM --- first --- INFO --- Showing All Books..!
14/07/2023   12:21:16 AM --- first --- INFO --- Showing All Books..!
14/07/2023   12:21:17 AM --- first --- INFO --- Inside get request in book form
14/07/2023   12:21:43 AM --- first --- INFO --- Inside Post reuest in book form
14/07/2023   12:21:43 AM --- first --- INFO --- Showing All Books..!
14/07/2023   12:22:54 AM --- first --- INFO --- Book has been added successfully...!
14/07/2023   12:22:54 AM --- first --- INFO --- Showing All Books..!
14/07/2023   12:23:22 AM --- first --- INFO --- Showing All Books..!
14/07/2023   12:23:28 AM --- first --- INFO --- Active Book CSV file created Successfully..!
14/07/2023   12:24:36 AM --- first --- INFO --- Active Book Excel file created Successfully..!
14/07/2023   12:25:25 AM --- first --- INFO --- Logged in sucessfully.
14/07/2023   12:25:26 AM --- first --- INFO --- In Welcome Page
14/07/2023   12:25:33 AM --- first --- INFO --- Showing All Books..!
14/07/2023   12:26:24 AM --- first --- INFO --- Book has been added successfully...!
14/07/2023   12:26:24 AM --- first --- INFO --- Showing All Books..!
14/07/2023   12:27:28 AM --- first --- INFO --- Showing All Books..!
14/07/2023   12:27:34 AM --- first --- INFO --- Showing All Books..!
14/07/2023   12:27:38 AM --- first --- INFO --- Showing All Books..!
14/07/2023   12:27:39 AM --- first --- INFO --- Showing All Books..!
14/07/2023   12:27:47 AM --- first --- INFO --- Showing All Books..!
14/07/2023   12:27:48 AM --- first --- INFO --- Showing All Books..!
14/07/2023   12:27:49 AM --- first --- INFO --- Showing All Books..!
14/07/2023   12:31:25 AM --- first --- INFO --- Showing All Books..!
14/07/2023   12:31:26 AM --- first --- INFO --- Showing All Books..!
14/07/2023   12:31:27 AM --- first --- INFO --- Showing All Books..!
14/07/2023   12:31:33 AM --- first --- ERROR --- actual_headers & expected_headers are not equal
14/07/2023   12:32:01 AM --- first --- ERROR --- actual_headers & expected_headers are not equal
14/07/2023   12:39:15 AM --- first --- ERROR --- actual_headers & expected_headers are not equal
14/07/2023   12:39:25 AM --- first --- INFO --- Showing All Books..!
14/07/2023   12:39:38 AM --- first --- INFO --- In Welcome Page
14/07/2023   12:39:44 AM --- first --- INFO --- Showing All Books..!
14/07/2023   12:39:45 AM --- first --- INFO --- In Welcome Page
